0 verbose cli C:\Program Files\nodejs\node.exe C:\Program Files\nodejs\node_modules\npm\bin\npm-cli.js
1 info using npm@10.5.0
2 info using node@v20.12.2
3 timing npm:load:whichnode Completed in 3ms
4 timing config:load:defaults Completed in 4ms
5 timing config:load:file:C:\Program Files\nodejs\node_modules\npm\npmrc Completed in 5ms
6 timing config:load:builtin Completed in 6ms
7 timing config:load:cli Completed in 3ms
8 timing config:load:env Completed in 2ms
9 timing config:load:file:C:\Users\김헌규\Desktop\리액트 공부\react-\react-route\.npmrc Completed in 0ms
10 timing config:load:project Completed in 4ms
11 timing config:load:file:C:\Users\김헌규\.npmrc Completed in 0ms
12 timing config:load:user Completed in 0ms
13 timing config:load:file:C:\Users\김헌규\AppData\Roaming\npm\etc\npmrc Completed in 1ms
14 timing config:load:global Completed in 1ms
15 timing config:load:setEnvs Completed in 2ms
16 timing config:load Completed in 24ms
17 timing npm:load:configload Completed in 24ms
18 timing config:load:flatten Completed in 4ms
19 timing npm:load:mkdirpcache Completed in 0ms
20 timing npm:load:mkdirplogs Completed in 0ms
21 verbose title npm start
22 verbose argv "start"
23 timing npm:load:setTitle Completed in 1ms
24 timing npm:load:display Completed in 1ms
25 verbose logfile logs-max:10 dir:C:\Users\김헌규\Desktop\리액트 공부\react-\react-route\Users김헌규AppDataRoamingnpm-cache\_logs\2024-07-17T11_40_41_502Z-
26 verbose logfile C:\Users\김헌규\Desktop\리액트 공부\react-\react-route\Users김헌규AppDataRoamingnpm-cache\_logs\2024-07-17T11_40_41_502Z-debug-0.log
27 timing npm:load:logFile Completed in 45ms
28 timing npm:load:timers Completed in 0ms
29 timing npm:load:configScope Completed in 0ms
30 timing npm:load Completed in 119ms
31 silly logfile done cleaning log files
32 timing command:run-script Completed in 3821860ms
33 timing command:start Completed in 3821895ms
34 verbose exit 3221225786
35 timing npm Completed in 3822122ms
36 verbose code 3221225786
