0 verbose cli C:\Program Files\nodejs\node.exe C:\Program Files\nodejs\node_modules\npm\bin\npm-cli.js
1 info using npm@10.5.0
2 info using node@v20.12.2
3 timing npm:load:whichnode Completed in 2ms
4 timing config:load:defaults Completed in 2ms
5 timing config:load:file:C:\Program Files\nodejs\node_modules\npm\npmrc Completed in 3ms
6 timing config:load:builtin Completed in 3ms
7 timing config:load:cli Completed in 1ms
8 timing config:load:env Completed in 1ms
9 timing config:load:file:C:\Users\ê¹€í—Œê·œ\Desktop\ë¦¬ì•¡íŠ¸ ê³µë¶€\react-\íƒ€ì…ìŠ¤í¬ë¦½íŠ¸\.npmrc Completed in 0ms
10 timing config:load:project Completed in 1ms
11 timing config:load:file:C:\Users\ê¹€í—Œê·œ\.npmrc Completed in 0ms
12 timing config:load:user Completed in 0ms
13 timing config:load:file:C:\Users\ê¹€í—Œê·œ\AppData\Roaming\npm\etc\npmrc Completed in 0ms
14 timing config:load:global Completed in 1ms
15 timing config:load:setEnvs Completed in 1ms
16 timing config:load Completed in 10ms
17 timing npm:load:configload Completed in 10ms
18 timing config:load:flatten Completed in 2ms
19 timing npm:load:mkdirpcache Completed in 1ms
20 timing npm:load:mkdirplogs Completed in 0ms
21 verbose title npm exec create-react-app react-ts --template typescript
22 verbose argv "exec" "--" "create-react-app" "react-ts" "--template" "typescript"
23 timing npm:load:setTitle Completed in 1ms
24 timing npm:load:display Completed in 0ms
25 verbose logfile logs-max:10 dir:C:\Users\ê¹€í—Œê·œ\Desktop\ë¦¬ì•¡íŠ¸ ê³µë¶€\react-\íƒ€ì…ìŠ¤í¬ë¦½íŠ¸\Usersê¹€í—Œê·œAppDataRoamingnpm-cache\_logs\2024-07-14T12_02_09_932Z-
26 verbose logfile C:\Users\ê¹€í—Œê·œ\Desktop\ë¦¬ì•¡íŠ¸ ê³µë¶€\react-\íƒ€ì…ìŠ¤í¬ë¦½íŠ¸\Usersê¹€í—Œê·œAppDataRoamingnpm-cache\_logs\2024-07-14T12_02_09_932Z-debug-0.log
27 timing npm:load:logFile Completed in 11ms
28 timing npm:load:timers Completed in 1ms
29 timing npm:load:configScope Completed in 0ms
30 timing npm:load Completed in 46ms
31 silly logfile done cleaning log files
32 timing arborist:ctor Completed in 1ms
33 timing arborist:ctor Completed in 0ms
34 http fetch GET 200 https://registry.npmjs.org/create-react-app 131ms (cache miss)
35 timing arborist:ctor Completed in 0ms
36 timing arborist:ctor Completed in 0ms
37 http fetch GET 200 https://registry.npmjs.org/npm 200ms
38 timing command:exec Completed in 2721ms
39 notice
39 notice New [33mminor[39m version of npm available! [31m10.5.0[39m -> [32m10.8.2[39m
39 notice Changelog: [36mhttps://github.com/npm/cli/releases/tag/v10.8.2[39m
39 notice Run [32mnpm install -g npm@10.8.2[39m to update!
39 notice
40 verbose stack Error: canceled
40 verbose stack     at exec (C:\Program Files\nodejs\node_modules\npm\node_modules\libnpmexec\lib\index.js:270:19)
40 verbose stack     at process.processTicksAndRejections (node:internal/process/task_queues:95:5)
40 verbose stack     at async module.exports (C:\Program Files\nodejs\node_modules\npm\lib\cli-entry.js:61:5)
41 verbose cwd C:\Users\ê¹€í—Œê·œ\Desktop\ë¦¬ì•¡íŠ¸ ê³µë¶€\react-\íƒ€ì…ìŠ¤í¬ë¦½íŠ¸
42 verbose Windows_NT 10.0.19045
43 verbose node v20.12.2
44 verbose npm  v10.5.0
45 error canceled
46 verbose exit 1
47 timing npm Completed in 3029ms
48 verbose code 1
49 error A complete log of this run can be found in: C:\Users\ê¹€í—Œê·œ\Desktop\ë¦¬ì•¡íŠ¸ ê³µë¶€\react-\íƒ€ì…ìŠ¤í¬ë¦½íŠ¸\Usersê¹€í—Œê·œAppDataRoamingnpm-cache\_logs\2024-07-14T12_02_09_932Z-debug-0.log
