0 verbose cli C:\Program Files\nodejs\node.exe C:\Program Files\nodejs\node_modules\npm\bin\npm-cli.js
1 info using npm@10.5.0
2 info using node@v20.12.2
3 timing npm:load:whichnode Completed in 2ms
4 timing config:load:defaults Completed in 2ms
5 timing config:load:file:C:\Program Files\nodejs\node_modules\npm\npmrc Completed in 2ms
6 timing config:load:builtin Completed in 2ms
7 timing config:load:cli Completed in 2ms
8 timing config:load:env Completed in 0ms
9 timing config:load:file:C:\Users\김헌규\Desktop\리액트 공부\react-\타입스크립트\.npmrc Completed in 0ms
10 timing config:load:project Completed in 2ms
11 timing config:load:file:C:\Users\김헌규\.npmrc Completed in 0ms
12 timing config:load:user Completed in 0ms
13 timing config:load:file:C:\Users\김헌규\AppData\Roaming\npm\etc\npmrc Completed in 1ms
14 timing config:load:global Completed in 1ms
15 timing config:load:setEnvs Completed in 0ms
16 timing config:load Completed in 9ms
17 timing npm:load:configload Completed in 9ms
18 timing config:load:flatten Completed in 1ms
19 timing npm:load:mkdirpcache Completed in 1ms
20 timing npm:load:mkdirplogs Completed in 0ms
21 verbose title npm exec create-react-app react-ts --template typescript
22 verbose argv "exec" "--" "create-react-app" "react-ts" "--template" "typescript"
23 timing npm:load:setTitle Completed in 1ms
24 timing npm:load:display Completed in 1ms
25 verbose logfile logs-max:10 dir:C:\Users\김헌규\Desktop\리액트 공부\react-\타입스크립트\Users김헌규AppDataRoamingnpm-cache\_logs\2024-07-14T12_02_21_111Z-
26 verbose logfile C:\Users\김헌규\Desktop\리액트 공부\react-\타입스크립트\Users김헌규AppDataRoamingnpm-cache\_logs\2024-07-14T12_02_21_111Z-debug-0.log
27 timing npm:load:logFile Completed in 12ms
28 timing npm:load:timers Completed in 0ms
29 timing npm:load:configScope Completed in 0ms
30 timing npm:load Completed in 46ms
31 silly logfile done cleaning log files
32 timing arborist:ctor Completed in 1ms
33 timing arborist:ctor Completed in 0ms
34 http fetch GET 200 https://registry.npmjs.org/create-react-app 143ms (cache revalidated)
35 timing arborist:ctor Completed in 0ms
36 timing arborist:ctor Completed in 0ms
37 timing arborist:ctor Completed in 0ms
38 timing idealTree:init Completed in 3ms
39 timing idealTree:userRequests Completed in 1ms
40 silly idealTree buildDeps
41 silly fetch manifest create-react-app@5.0.1
42 http fetch GET 200 https://registry.npmjs.org/create-react-app 77ms (cache miss)
43 silly placeDep ROOT create-react-app@5.0.1 OK for:  want: 5.0.1
44 silly fetch manifest chalk@^4.1.2
45 silly fetch manifest commander@^4.1.1
46 silly fetch manifest cross-spawn@^7.0.3
47 silly fetch manifest envinfo@^7.8.1
48 silly fetch manifest fs-extra@^10.0.0
49 silly fetch manifest hyperquest@^2.1.3
50 silly fetch manifest prompts@^2.4.2
51 silly fetch manifest semver@^7.3.5
52 silly fetch manifest tar-pack@^3.4.1
53 silly fetch manifest tmp@^0.2.1
54 silly fetch manifest validate-npm-package-name@^3.0.0
55 http fetch GET 200 https://registry.npmjs.org/chalk 62ms (cache miss)
56 http fetch GET 200 https://registry.npmjs.org/tar-pack 108ms (cache miss)
57 http fetch GET 200 https://registry.npmjs.org/envinfo 165ms (cache miss)
58 http fetch GET 200 https://registry.npmjs.org/validate-npm-package-name 315ms (cache miss)
59 http fetch GET 200 https://registry.npmjs.org/fs-extra 382ms (cache miss)
60 http fetch GET 200 https://registry.npmjs.org/hyperquest 405ms (cache miss)
61 http fetch GET 200 https://registry.npmjs.org/semver 455ms (cache miss)
62 http fetch GET 200 https://registry.npmjs.org/prompts 465ms (cache miss)
63 http fetch GET 200 https://registry.npmjs.org/tmp 680ms (cache miss)
64 http fetch GET 200 https://registry.npmjs.org/cross-spawn 747ms (cache miss)
65 http fetch GET 200 https://registry.npmjs.org/commander 1836ms (cache miss)
66 timing idealTree:#root Completed in 1929ms
67 silly placeDep ROOT chalk@4.1.2 OK for: create-react-app@5.0.1 want: ^4.1.2
68 silly placeDep ROOT commander@4.1.1 OK for: create-react-app@5.0.1 want: ^4.1.1
69 silly placeDep ROOT cross-spawn@7.0.3 OK for: create-react-app@5.0.1 want: ^7.0.3
70 silly placeDep ROOT envinfo@7.13.0 OK for: create-react-app@5.0.1 want: ^7.8.1
71 silly placeDep ROOT fs-extra@10.1.0 OK for: create-react-app@5.0.1 want: ^10.0.0
72 silly placeDep ROOT hyperquest@2.1.3 OK for: create-react-app@5.0.1 want: ^2.1.3
73 silly placeDep ROOT prompts@2.4.2 OK for: create-react-app@5.0.1 want: ^2.4.2
74 silly placeDep ROOT semver@7.6.2 OK for: create-react-app@5.0.1 want: ^7.3.5
75 silly placeDep ROOT tar-pack@3.4.1 OK for: create-react-app@5.0.1 want: ^3.4.1
76 silly placeDep ROOT tmp@0.2.3 OK for: create-react-app@5.0.1 want: ^0.2.1
77 silly placeDep ROOT validate-npm-package-name@3.0.0 OK for: create-react-app@5.0.1 want: ^3.0.0
78 silly fetch manifest ansi-styles@^4.1.0
79 silly fetch manifest supports-color@^7.1.0
80 silly fetch manifest path-key@^3.1.0
81 silly fetch manifest shebang-command@^2.0.0
82 silly fetch manifest which@^2.0.1
83 silly fetch manifest graceful-fs@^4.2.0
84 silly fetch manifest jsonfile@^6.0.1
85 silly fetch manifest universalify@^2.0.0
86 silly fetch manifest buffer-from@^0.1.1
87 silly fetch manifest duplexer2@~0.0.2
88 silly fetch manifest through2@~0.6.3
89 silly fetch manifest kleur@^3.0.3
90 silly fetch manifest sisteransi@^1.0.5
91 silly fetch manifest debug@^2.2.0
92 silly fetch manifest fstream@^1.0.10
93 http fetch GET 200 https://registry.npmjs.org/buffer-from 52ms (cache miss)
94 silly fetch manifest fstream-ignore@^1.0.5
95 http fetch GET 200 https://registry.npmjs.org/supports-color 67ms (cache miss)
96 silly fetch manifest once@^1.3.3
97 http fetch GET 200 https://registry.npmjs.org/kleur 101ms (cache miss)
98 silly fetch manifest readable-stream@^2.1.4
99 http fetch GET 200 https://registry.npmjs.org/ansi-styles 114ms (cache miss)
100 silly fetch manifest rimraf@^2.5.1
101 http fetch GET 200 https://registry.npmjs.org/fstream-ignore 67ms (cache miss)
102 silly fetch manifest tar@^2.2.1
103 http fetch GET 200 https://registry.npmjs.org/path-key 127ms (cache miss)
104 silly fetch manifest uid-number@^0.0.6
105 http fetch GET 200 https://registry.npmjs.org/shebang-command 129ms (cache miss)
106 silly fetch manifest builtins@^1.0.3
107 http fetch GET 200 https://registry.npmjs.org/sisteransi 130ms (cache miss)
108 http fetch GET 200 https://registry.npmjs.org/fstream 129ms (cache miss)
109 http fetch GET 200 https://registry.npmjs.org/jsonfile 137ms (cache miss)
110 http fetch GET 200 https://registry.npmjs.org/once 74ms (cache miss)
111 http fetch GET 200 https://registry.npmjs.org/readable-stream 55ms (cache miss)
112 http fetch GET 200 https://registry.npmjs.org/rimraf 53ms (cache miss)
113 http fetch GET 200 https://registry.npmjs.org/uid-number 56ms (cache miss)
114 http fetch GET 200 https://registry.npmjs.org/graceful-fs 185ms (cache miss)
115 http fetch GET 200 https://registry.npmjs.org/tar 79ms (cache miss)
116 http fetch GET 200 https://registry.npmjs.org/universalify 209ms (cache miss)
117 http fetch GET 200 https://registry.npmjs.org/which 319ms (cache miss)
118 http fetch GET 200 https://registry.npmjs.org/builtins 324ms (cache miss)
119 http fetch GET 200 https://registry.npmjs.org/through2 540ms (cache miss)
120 http fetch GET 200 https://registry.npmjs.org/duplexer2 612ms (cache miss)
121 http fetch GET 200 https://registry.npmjs.org/debug 742ms (cache miss)
122 timing idealTree:node_modules/create-react-app Completed in 767ms
123 silly placeDep ROOT ansi-styles@4.3.0 OK for: chalk@4.1.2 want: ^4.1.0
124 silly placeDep ROOT supports-color@7.2.0 OK for: chalk@4.1.2 want: ^7.1.0
125 silly fetch manifest color-convert@^2.0.1
126 silly fetch manifest has-flag@^4.0.0
127 http fetch GET 200 https://registry.npmjs.org/has-flag 42ms (cache miss)
128 http fetch GET 200 https://registry.npmjs.org/color-convert 57ms (cache miss)
129 timing idealTree:node_modules/chalk Completed in 61ms
130 silly placeDep ROOT color-convert@2.0.1 OK for: ansi-styles@4.3.0 want: ^2.0.1
131 silly fetch manifest color-name@~1.1.4
132 http fetch GET 200 https://registry.npmjs.org/color-name 172ms (cache miss)
133 timing idealTree:node_modules/ansi-styles Completed in 175ms
134 silly placeDep ROOT color-name@1.1.4 OK for: color-convert@2.0.1 want: ~1.1.4
135 timing idealTree:node_modules/color-convert Completed in 1ms
136 timing idealTree:node_modules/color-name Completed in 0ms
137 timing idealTree:node_modules/commander Completed in 0ms
138 silly placeDep ROOT path-key@3.1.1 OK for: cross-spawn@7.0.3 want: ^3.1.0
139 silly placeDep ROOT shebang-command@2.0.0 OK for: cross-spawn@7.0.3 want: ^2.0.0
140 silly placeDep ROOT which@2.0.2 OK for: cross-spawn@7.0.3 want: ^2.0.1
141 silly fetch manifest shebang-regex@^3.0.0
142 silly fetch manifest isexe@^2.0.0
143 http fetch GET 200 https://registry.npmjs.org/isexe 49ms (cache miss)
144 http fetch GET 200 https://registry.npmjs.org/shebang-regex 53ms (cache miss)
145 timing idealTree:node_modules/cross-spawn Completed in 56ms
146 timing idealTree:node_modules/envinfo Completed in 0ms
147 silly placeDep ROOT graceful-fs@4.2.11 OK for: fs-extra@10.1.0 want: ^4.2.0
148 silly placeDep ROOT jsonfile@6.1.0 OK for: fs-extra@10.1.0 want: ^6.0.1
149 silly placeDep ROOT universalify@2.0.1 OK for: fs-extra@10.1.0 want: ^2.0.0
150 timing idealTree:node_modules/fs-extra Completed in 4ms
151 timing idealTree:node_modules/graceful-fs Completed in 0ms
152 silly placeDep ROOT buffer-from@0.1.2 OK for: hyperquest@2.1.3 want: ^0.1.1
153 silly placeDep ROOT duplexer2@0.0.2 OK for: hyperquest@2.1.3 want: ~0.0.2
154 silly placeDep ROOT through2@0.6.5 OK for: hyperquest@2.1.3 want: ~0.6.3
155 silly fetch manifest readable-stream@~1.1.9
156 silly fetch manifest readable-stream@>=1.0.33-1 <1.1.0-0
157 silly fetch manifest xtend@>=4.0.0 <4.1.0-0
158 http fetch GET 200 https://registry.npmjs.org/xtend 63ms (cache miss)
159 timing idealTree:node_modules/hyperquest Completed in 67ms
160 timing idealTree:node_modules/buffer-from Completed in 0ms
161 silly placeDep ROOT readable-stream@1.1.14 OK for: duplexer2@0.0.2 want: ~1.1.9
162 silly fetch manifest core-util-is@~1.0.0
163 silly fetch manifest isarray@0.0.1
164 silly fetch manifest string_decoder@~0.10.x
165 silly fetch manifest inherits@~2.0.1
166 http fetch GET 200 https://registry.npmjs.org/string_decoder 54ms (cache miss)
167 http fetch GET 200 https://registry.npmjs.org/core-util-is 73ms (cache miss)
168 http fetch GET 200 https://registry.npmjs.org/isarray 167ms (cache miss)
169 http fetch GET 200 https://registry.npmjs.org/inherits 239ms (cache miss)
170 timing idealTree:node_modules/duplexer2 Completed in 244ms
171 timing idealTree:node_modules/jsonfile Completed in 0ms
172 timing idealTree:node_modules/path-key Completed in 0ms
173 silly placeDep ROOT kleur@3.0.3 OK for: prompts@2.4.2 want: ^3.0.3
174 silly placeDep ROOT sisteransi@1.0.5 OK for: prompts@2.4.2 want: ^1.0.5
175 timing idealTree:node_modules/prompts Completed in 2ms
176 timing idealTree:node_modules/kleur Completed in 0ms
177 silly placeDep ROOT core-util-is@1.0.3 OK for: readable-stream@1.1.14 want: ~1.0.0
178 silly placeDep ROOT inherits@2.0.4 OK for: readable-stream@1.1.14 want: ~2.0.1
179 silly placeDep ROOT isarray@0.0.1 OK for: readable-stream@1.1.14 want: 0.0.1
180 silly placeDep ROOT string_decoder@0.10.31 OK for: readable-stream@1.1.14 want: ~0.10.x
181 timing idealTree:node_modules/readable-stream Completed in 3ms
182 timing idealTree:node_modules/core-util-is Completed in 0ms
183 timing idealTree:node_modules/inherits Completed in 0ms
184 timing idealTree:node_modules/isarray Completed in 0ms
185 timing idealTree:node_modules/semver Completed in 0ms
186 silly placeDep ROOT shebang-regex@3.0.0 OK for: shebang-command@2.0.0 want: ^3.0.0
187 timing idealTree:node_modules/shebang-command Completed in 0ms
188 timing idealTree:node_modules/shebang-regex Completed in 1ms
189 timing idealTree:node_modules/sisteransi Completed in 0ms
190 timing idealTree:node_modules/string_decoder Completed in 0ms
191 silly placeDep ROOT has-flag@4.0.0 OK for: supports-color@7.2.0 want: ^4.0.0
192 timing idealTree:node_modules/supports-color Completed in 0ms
193 timing idealTree:node_modules/has-flag Completed in 0ms
194 silly placeDep ROOT debug@2.6.9 OK for: tar-pack@3.4.1 want: ^2.2.0
195 silly placeDep ROOT fstream@1.0.12 OK for: tar-pack@3.4.1 want: ^1.0.10
196 silly placeDep ROOT fstream-ignore@1.0.5 OK for: tar-pack@3.4.1 want: ^1.0.5
197 silly placeDep ROOT once@1.4.0 OK for: tar-pack@3.4.1 want: ^1.3.3
198 silly placeDep node_modules/tar-pack readable-stream@2.3.8 OK for: tar-pack@3.4.1 want: ^2.1.4
199 silly placeDep ROOT rimraf@2.7.1 OK for: tar-pack@3.4.1 want: ^2.5.1
200 silly placeDep ROOT tar@2.2.2 OK for: tar-pack@3.4.1 want: ^2.2.1
201 silly placeDep ROOT uid-number@0.0.6 OK for: tar-pack@3.4.1 want: ^0.0.6
202 silly fetch manifest ms@2.0.0
203 silly fetch manifest mkdirp@>=0.5 0
204 silly fetch manifest rimraf@2
205 silly fetch manifest minimatch@^3.0.0
206 silly fetch manifest wrappy@1
207 silly fetch manifest isarray@~1.0.0
208 silly fetch manifest process-nextick-args@~2.0.0
209 silly fetch manifest safe-buffer@~5.1.1
210 silly fetch manifest string_decoder@~1.1.1
211 silly fetch manifest util-deprecate@~1.0.1
212 silly fetch manifest glob@^7.1.3
213 silly fetch manifest block-stream@*
214 http fetch GET 200 https://registry.npmjs.org/block-stream 58ms (cache miss)
215 http fetch GET 200 https://registry.npmjs.org/safe-buffer 70ms (cache miss)
216 http fetch GET 200 https://registry.npmjs.org/wrappy 133ms (cache miss)
217 http fetch GET 200 https://registry.npmjs.org/process-nextick-args 135ms (cache miss)
218 http fetch GET 200 https://registry.npmjs.org/ms 190ms (cache miss)
219 http fetch GET 200 https://registry.npmjs.org/mkdirp 199ms (cache miss)
220 http fetch GET 200 https://registry.npmjs.org/minimatch 286ms (cache miss)
221 http fetch GET 200 https://registry.npmjs.org/glob 292ms (cache miss)
222 http fetch GET 200 https://registry.npmjs.org/util-deprecate 644ms (cache miss)
223 timing idealTree:node_modules/tar-pack Completed in 657ms
224 silly placeDep ROOT ms@2.0.0 OK for: debug@2.6.9 want: 2.0.0
225 timing idealTree:node_modules/debug Completed in 2ms
226 silly placeDep ROOT mkdirp@0.5.6 OK for: fstream@1.0.12 want: >=0.5 0
227 silly fetch manifest minimist@^1.2.6
228 http fetch GET 200 https://registry.npmjs.org/minimist 50ms (cache miss)
229 timing idealTree:node_modules/fstream Completed in 54ms
230 silly placeDep ROOT minimatch@3.1.2 OK for: fstream-ignore@1.0.5 want: ^3.0.0
231 silly fetch manifest brace-expansion@^1.1.7
232 http fetch GET 200 https://registry.npmjs.org/brace-expansion 94ms (cache miss)
233 timing idealTree:node_modules/fstream-ignore Completed in 97ms
234 silly placeDep ROOT brace-expansion@1.1.11 OK for: minimatch@3.1.2 want: ^1.1.7
235 silly fetch manifest balanced-match@^1.0.0
236 silly fetch manifest concat-map@0.0.1
237 http fetch GET 200 https://registry.npmjs.org/balanced-match 48ms (cache miss)
238 http fetch GET 200 https://registry.npmjs.org/concat-map 71ms (cache miss)
239 timing idealTree:node_modules/minimatch Completed in 74ms
240 silly placeDep ROOT balanced-match@1.0.2 OK for: brace-expansion@1.1.11 want: ^1.0.0
241 silly placeDep ROOT concat-map@0.0.1 OK for: brace-expansion@1.1.11 want: 0.0.1
242 timing idealTree:node_modules/brace-expansion Completed in 2ms
243 timing idealTree:node_modules/balanced-match Completed in 0ms
244 timing idealTree:node_modules/concat-map Completed in 0ms
245 silly placeDep ROOT minimist@1.2.8 OK for: mkdirp@0.5.6 want: ^1.2.6
246 timing idealTree:node_modules/mkdirp Completed in 1ms
247 timing idealTree:node_modules/minimist Completed in 0ms
248 timing idealTree:node_modules/ms Completed in 0ms
249 silly placeDep ROOT wrappy@1.0.2 OK for: once@1.4.0 want: 1
250 timing idealTree:node_modules/once Completed in 0ms
251 silly placeDep ROOT glob@7.2.3 OK for: rimraf@2.7.1 want: ^7.1.3
252 silly fetch manifest inflight@^1.0.4
253 silly fetch manifest fs.realpath@^1.0.0
254 silly fetch manifest path-is-absolute@^1.0.0
255 http fetch GET 200 https://registry.npmjs.org/path-is-absolute 52ms (cache miss)
256 http fetch GET 200 https://registry.npmjs.org/fs.realpath 115ms (cache miss)
257 http fetch GET 200 https://registry.npmjs.org/inflight 202ms (cache miss)
258 timing idealTree:node_modules/rimraf Completed in 205ms
259 silly placeDep ROOT fs.realpath@1.0.0 OK for: glob@7.2.3 want: ^1.0.0
260 silly placeDep ROOT inflight@1.0.6 OK for: glob@7.2.3 want: ^1.0.4
261 silly placeDep ROOT path-is-absolute@1.0.1 OK for: glob@7.2.3 want: ^1.0.0
262 timing idealTree:node_modules/glob Completed in 3ms
263 timing idealTree:node_modules/fs.realpath Completed in 0ms
264 timing idealTree:node_modules/inflight Completed in 0ms
265 timing idealTree:node_modules/path-is-absolute Completed in 0ms
266 silly placeDep ROOT block-stream@0.0.9 OK for: tar@2.2.2 want: *
267 timing idealTree:node_modules/tar Completed in 1ms
268 timing idealTree:node_modules/block-stream Completed in 0ms
269 silly placeDep node_modules/through2 readable-stream@1.0.34 OK for: through2@0.6.5 want: >=1.0.33-1 <1.1.0-0
270 silly placeDep ROOT xtend@4.0.2 OK for: through2@0.6.5 want: >=4.0.0 <4.1.0-0
271 timing idealTree:node_modules/through2 Completed in 3ms
272 timing idealTree:node_modules/tmp Completed in 0ms
273 timing idealTree:node_modules/uid-number Completed in 0ms
274 timing idealTree:node_modules/universalify Completed in 0ms
275 silly placeDep ROOT builtins@1.0.3 OK for: validate-npm-package-name@3.0.0 want: ^1.0.3
276 timing idealTree:node_modules/validate-npm-package-name Completed in 1ms
277 timing idealTree:node_modules/builtins Completed in 0ms
278 silly placeDep ROOT isexe@2.0.0 OK for: which@2.0.2 want: ^2.0.0
279 timing idealTree:node_modules/which Completed in 1ms
280 timing idealTree:node_modules/isexe Completed in 0ms
281 timing idealTree:node_modules/wrappy Completed in 0ms
282 timing idealTree:node_modules/xtend Completed in 0ms
283 silly placeDep node_modules/tar-pack isarray@1.0.0 OK for: readable-stream@2.3.8 want: ~1.0.0
284 silly placeDep ROOT process-nextick-args@2.0.1 OK for: readable-stream@2.3.8 want: ~2.0.0
285 silly placeDep ROOT safe-buffer@5.1.2 OK for: readable-stream@2.3.8 want: ~5.1.1
286 silly placeDep node_modules/tar-pack string_decoder@1.1.1 OK for: readable-stream@2.3.8 want: ~1.1.1
287 silly placeDep ROOT util-deprecate@1.0.2 OK for: readable-stream@2.3.8 want: ~1.0.1
288 timing idealTree:node_modules/tar-pack/node_modules/readable-stream Completed in 5ms
289 timing idealTree:node_modules/process-nextick-args Completed in 0ms
290 timing idealTree:node_modules/safe-buffer Completed in 1ms
291 timing idealTree:node_modules/util-deprecate Completed in 0ms
292 timing idealTree:node_modules/tar-pack/node_modules/isarray Completed in 0ms
293 timing idealTree:node_modules/tar-pack/node_modules/string_decoder Completed in 0ms
294 timing idealTree:node_modules/through2/node_modules/readable-stream Completed in 0ms
295 timing idealTree:buildDeps Completed in 4422ms
296 timing idealTree:fixDepFlags Completed in 1ms
297 timing idealTree Completed in 4429ms
298 timing reify:loadTrees Completed in 4429ms
299 timing reify:diffTrees Completed in 3ms
300 silly reify moves {}
301 timing reify:retireShallow Completed in 2ms
302 timing reify:createSparse Completed in 14ms
303 timing reify:loadBundles Completed in 0ms
304 silly audit bulk request {
304 silly audit   'create-react-app': [ '5.0.1' ],
304 silly audit   chalk: [ '4.1.2' ],
304 silly audit   commander: [ '4.1.1' ],
304 silly audit   'cross-spawn': [ '7.0.3' ],
304 silly audit   envinfo: [ '7.13.0' ],
304 silly audit   'fs-extra': [ '10.1.0' ],
304 silly audit   hyperquest: [ '2.1.3' ],
304 silly audit   prompts: [ '2.4.2' ],
304 silly audit   semver: [ '7.6.2' ],
304 silly audit   'tar-pack': [ '3.4.1' ],
304 silly audit   tmp: [ '0.2.3' ],
304 silly audit   'validate-npm-package-name': [ '3.0.0' ],
304 silly audit   'ansi-styles': [ '4.3.0' ],
304 silly audit   'supports-color': [ '7.2.0' ],
304 silly audit   'color-convert': [ '2.0.1' ],
304 silly audit   'color-name': [ '1.1.4' ],
304 silly audit   'path-key': [ '3.1.1' ],
304 silly audit   'shebang-command': [ '2.0.0' ],
304 silly audit   which: [ '2.0.2' ],
304 silly audit   'graceful-fs': [ '4.2.11' ],
304 silly audit   jsonfile: [ '6.1.0' ],
304 silly audit   universalify: [ '2.0.1' ],
304 silly audit   'buffer-from': [ '0.1.2' ],
304 silly audit   duplexer2: [ '0.0.2' ],
304 silly audit   through2: [ '0.6.5' ],
304 silly audit   'readable-stream': [ '1.1.14', '2.3.8', '1.0.34' ],
304 silly audit   kleur: [ '3.0.3' ],
304 silly audit   sisteransi: [ '1.0.5' ],
304 silly audit   'core-util-is': [ '1.0.3' ],
304 silly audit   inherits: [ '2.0.4' ],
304 silly audit   isarray: [ '0.0.1', '1.0.0' ],
304 silly audit   string_decoder: [ '0.10.31', '1.1.1' ],
304 silly audit   'shebang-regex': [ '3.0.0' ],
304 silly audit   'has-flag': [ '4.0.0' ],
304 silly audit   debug: [ '2.6.9' ],
304 silly audit   fstream: [ '1.0.12' ],
304 silly audit   'fstream-ignore': [ '1.0.5' ],
304 silly audit   once: [ '1.4.0' ],
304 silly audit   rimraf: [ '2.7.1' ],
304 silly audit   tar: [ '2.2.2' ],
304 silly audit   'uid-number': [ '0.0.6' ],
304 silly audit   ms: [ '2.0.0' ],
304 silly audit   mkdirp: [ '0.5.6' ],
304 silly audit   minimatch: [ '3.1.2' ],
304 silly audit   'brace-expansion': [ '1.1.11' ],
304 silly audit   'balanced-match': [ '1.0.2' ],
304 silly audit   'concat-map': [ '0.0.1' ],
304 silly audit   minimist: [ '1.2.8' ],
304 silly audit   wrappy: [ '1.0.2' ],
304 silly audit   glob: [ '7.2.3' ],
304 silly audit   'fs.realpath': [ '1.0.0' ],
304 silly audit   inflight: [ '1.0.6' ],
304 silly audit   'path-is-absolute': [ '1.0.1' ],
304 silly audit   'block-stream': [ '0.0.9' ],
304 silly audit   xtend: [ '4.0.2' ],
304 silly audit   builtins: [ '1.0.3' ],
304 silly audit   isexe: [ '2.0.0' ],
304 silly audit   'process-nextick-args': [ '2.0.1' ],
304 silly audit   'safe-buffer': [ '5.1.2' ],
304 silly audit   'util-deprecate': [ '1.0.2' ]
304 silly audit }
305 silly tarball no local data for process-nextick-args@https://registry.npmjs.org/process-nextick-args/-/process-nextick-args-2.0.1.tgz. Extracting by manifest.
306 silly tarball no local data for util-deprecate@https://registry.npmjs.org/util-deprecate/-/util-deprecate-1.0.2.tgz. Extracting by manifest.
307 silly tarball no local data for safe-buffer@https://registry.npmjs.org/safe-buffer/-/safe-buffer-5.1.2.tgz. Extracting by manifest.
308 silly tarball no local data for isexe@https://registry.npmjs.org/isexe/-/isexe-2.0.0.tgz. Extracting by manifest.
309 silly tarball no local data for builtins@https://registry.npmjs.org/builtins/-/builtins-1.0.3.tgz. Extracting by manifest.
310 silly tarball no local data for block-stream@https://registry.npmjs.org/block-stream/-/block-stream-0.0.9.tgz. Extracting by manifest.
311 silly tarball no local data for fs.realpath@https://registry.npmjs.org/fs.realpath/-/fs.realpath-1.0.0.tgz. Extracting by manifest.
312 silly tarball no local data for xtend@https://registry.npmjs.org/xtend/-/xtend-4.0.2.tgz. Extracting by manifest.
313 silly tarball no local data for path-is-absolute@https://registry.npmjs.org/path-is-absolute/-/path-is-absolute-1.0.1.tgz. Extracting by manifest.
314 silly tarball no local data for inflight@https://registry.npmjs.org/inflight/-/inflight-1.0.6.tgz. Extracting by manifest.
315 silly tarball no local data for glob@https://registry.npmjs.org/glob/-/glob-7.2.3.tgz. Extracting by manifest.
316 silly tarball no local data for wrappy@https://registry.npmjs.org/wrappy/-/wrappy-1.0.2.tgz. Extracting by manifest.
317 silly tarball no local data for concat-map@https://registry.npmjs.org/concat-map/-/concat-map-0.0.1.tgz. Extracting by manifest.
318 silly tarball no local data for minimist@https://registry.npmjs.org/minimist/-/minimist-1.2.8.tgz. Extracting by manifest.
319 silly tarball no local data for balanced-match@https://registry.npmjs.org/balanced-match/-/balanced-match-1.0.2.tgz. Extracting by manifest.
320 silly tarball no local data for minimatch@https://registry.npmjs.org/minimatch/-/minimatch-3.1.2.tgz. Extracting by manifest.
321 silly tarball no local data for mkdirp@https://registry.npmjs.org/mkdirp/-/mkdirp-0.5.6.tgz. Extracting by manifest.
322 silly tarball no local data for ms@https://registry.npmjs.org/ms/-/ms-2.0.0.tgz. Extracting by manifest.
323 silly tarball no local data for uid-number@https://registry.npmjs.org/uid-number/-/uid-number-0.0.6.tgz. Extracting by manifest.
324 silly tarball no local data for brace-expansion@https://registry.npmjs.org/brace-expansion/-/brace-expansion-1.1.11.tgz. Extracting by manifest.
325 silly tarball no local data for tar@https://registry.npmjs.org/tar/-/tar-2.2.2.tgz. Extracting by manifest.
326 silly tarball no local data for rimraf@https://registry.npmjs.org/rimraf/-/rimraf-2.7.1.tgz. Extracting by manifest.
327 silly tarball no local data for fstream-ignore@https://registry.npmjs.org/fstream-ignore/-/fstream-ignore-1.0.5.tgz. Extracting by manifest.
328 silly tarball no local data for once@https://registry.npmjs.org/once/-/once-1.4.0.tgz. Extracting by manifest.
329 silly tarball no local data for debug@https://registry.npmjs.org/debug/-/debug-2.6.9.tgz. Extracting by manifest.
330 silly tarball no local data for shebang-regex@https://registry.npmjs.org/shebang-regex/-/shebang-regex-3.0.0.tgz. Extracting by manifest.
331 silly tarball no local data for fstream@https://registry.npmjs.org/fstream/-/fstream-1.0.12.tgz. Extracting by manifest.
332 silly tarball no local data for string_decoder@https://registry.npmjs.org/string_decoder/-/string_decoder-0.10.31.tgz. Extracting by manifest.
333 silly tarball no local data for has-flag@https://registry.npmjs.org/has-flag/-/has-flag-4.0.0.tgz. Extracting by manifest.
334 silly tarball no local data for isarray@https://registry.npmjs.org/isarray/-/isarray-0.0.1.tgz. Extracting by manifest.
335 silly tarball no local data for inherits@https://registry.npmjs.org/inherits/-/inherits-2.0.4.tgz. Extracting by manifest.
336 silly tarball no local data for core-util-is@https://registry.npmjs.org/core-util-is/-/core-util-is-1.0.3.tgz. Extracting by manifest.
337 silly tarball no local data for sisteransi@https://registry.npmjs.org/sisteransi/-/sisteransi-1.0.5.tgz. Extracting by manifest.
338 silly tarball no local data for kleur@https://registry.npmjs.org/kleur/-/kleur-3.0.3.tgz. Extracting by manifest.
339 silly tarball no local data for through2@https://registry.npmjs.org/through2/-/through2-0.6.5.tgz. Extracting by manifest.
340 silly tarball no local data for readable-stream@https://registry.npmjs.org/readable-stream/-/readable-stream-1.1.14.tgz. Extracting by manifest.
341 silly tarball no local data for universalify@https://registry.npmjs.org/universalify/-/universalify-2.0.1.tgz. Extracting by manifest.
342 silly tarball no local data for buffer-from@https://registry.npmjs.org/buffer-from/-/buffer-from-0.1.2.tgz. Extracting by manifest.
343 silly tarball no local data for jsonfile@https://registry.npmjs.org/jsonfile/-/jsonfile-6.1.0.tgz. Extracting by manifest.
344 silly tarball no local data for duplexer2@https://registry.npmjs.org/duplexer2/-/duplexer2-0.0.2.tgz. Extracting by manifest.
345 silly tarball no local data for graceful-fs@https://registry.npmjs.org/graceful-fs/-/graceful-fs-4.2.11.tgz. Extracting by manifest.
346 silly tarball no local data for which@https://registry.npmjs.org/which/-/which-2.0.2.tgz. Extracting by manifest.
347 silly tarball no local data for shebang-command@https://registry.npmjs.org/shebang-command/-/shebang-command-2.0.0.tgz. Extracting by manifest.
348 silly tarball no local data for path-key@https://registry.npmjs.org/path-key/-/path-key-3.1.1.tgz. Extracting by manifest.
349 silly tarball no local data for color-name@https://registry.npmjs.org/color-name/-/color-name-1.1.4.tgz. Extracting by manifest.
350 silly tarball no local data for color-convert@https://registry.npmjs.org/color-convert/-/color-convert-2.0.1.tgz. Extracting by manifest.
351 silly tarball no local data for ansi-styles@https://registry.npmjs.org/ansi-styles/-/ansi-styles-4.3.0.tgz. Extracting by manifest.
352 silly tarball no local data for supports-color@https://registry.npmjs.org/supports-color/-/supports-color-7.2.0.tgz. Extracting by manifest.
353 silly tarball no local data for validate-npm-package-name@https://registry.npmjs.org/validate-npm-package-name/-/validate-npm-package-name-3.0.0.tgz. Extracting by manifest.
354 silly tarball no local data for tmp@https://registry.npmjs.org/tmp/-/tmp-0.2.3.tgz. Extracting by manifest.
355 silly tarball no local data for tar-pack@https://registry.npmjs.org/tar-pack/-/tar-pack-3.4.1.tgz. Extracting by manifest.
356 silly tarball no local data for prompts@https://registry.npmjs.org/prompts/-/prompts-2.4.2.tgz. Extracting by manifest.
357 silly tarball no local data for semver@https://registry.npmjs.org/semver/-/semver-7.6.2.tgz. Extracting by manifest.
358 silly tarball no local data for fs-extra@https://registry.npmjs.org/fs-extra/-/fs-extra-10.1.0.tgz. Extracting by manifest.
359 silly tarball no local data for hyperquest@https://registry.npmjs.org/hyperquest/-/hyperquest-2.1.3.tgz. Extracting by manifest.
360 silly tarball no local data for cross-spawn@https://registry.npmjs.org/cross-spawn/-/cross-spawn-7.0.3.tgz. Extracting by manifest.
361 silly tarball no local data for envinfo@https://registry.npmjs.org/envinfo/-/envinfo-7.13.0.tgz. Extracting by manifest.
362 silly tarball no local data for chalk@https://registry.npmjs.org/chalk/-/chalk-4.1.2.tgz. Extracting by manifest.
363 silly tarball no local data for commander@https://registry.npmjs.org/commander/-/commander-4.1.1.tgz. Extracting by manifest.
364 silly tarball no local data for create-react-app@https://registry.npmjs.org/create-react-app/-/create-react-app-5.0.1.tgz. Extracting by manifest.
365 silly tarball no local data for readable-stream@https://registry.npmjs.org/readable-stream/-/readable-stream-1.0.34.tgz. Extracting by manifest.
366 silly tarball no local data for string_decoder@https://registry.npmjs.org/string_decoder/-/string_decoder-1.1.1.tgz. Extracting by manifest.
367 silly tarball no local data for isarray@https://registry.npmjs.org/isarray/-/isarray-1.0.0.tgz. Extracting by manifest.
368 silly tarball no local data for readable-stream@https://registry.npmjs.org/readable-stream/-/readable-stream-2.3.8.tgz. Extracting by manifest.
369 http fetch GET 200 https://registry.npmjs.org/path-is-absolute/-/path-is-absolute-1.0.1.tgz 99ms (cache miss)
370 timing reifyNode:node_modules/path-is-absolute Completed in 140ms
371 http fetch GET 200 https://registry.npmjs.org/wrappy/-/wrappy-1.0.2.tgz 102ms (cache miss)
372 timing reifyNode:node_modules/wrappy Completed in 144ms
373 http fetch GET 200 https://registry.npmjs.org/inflight/-/inflight-1.0.6.tgz 103ms (cache miss)
374 warn deprecated inflight@1.0.6: This module is not supported, and leaks memory. Do not use it. Check out lru-cache if you want a good and tested way to coalesce async requests by a key value, which is much more comprehensive and powerful.
375 timing reifyNode:node_modules/inflight Completed in 145ms
376 http fetch GET 200 https://registry.npmjs.org/xtend/-/xtend-4.0.2.tgz 111ms (cache miss)
377 http fetch GET 200 https://registry.npmjs.org/fs.realpath/-/fs.realpath-1.0.0.tgz 115ms (cache miss)
378 timing reifyNode:node_modules/fs.realpath Completed in 155ms
379 timing reifyNode:node_modules/xtend Completed in 157ms
380 http fetch GET 200 https://registry.npmjs.org/glob/-/glob-7.2.3.tgz 115ms (cache miss)
381 warn deprecated glob@7.2.3: Glob versions prior to v9 are no longer supported
382 timing reifyNode:node_modules/glob Completed in 158ms
383 http fetch GET 200 https://registry.npmjs.org/mkdirp/-/mkdirp-0.5.6.tgz 132ms (cache miss)
384 http fetch POST 200 https://registry.npmjs.org/-/npm/v1/security/advisories/bulk 183ms
385 timing auditReport:getReport Completed in 186ms
386 silly audit report {
386 silly audit report   tar: [
386 silly audit report     {
386 silly audit report       id: 1089685,
386 silly audit report       url: 'https://github.com/advisories/GHSA-3jfq-g458-7qm9',
386 silly audit report       title: 'Arbitrary File Creation/Overwrite due to insufficient absolute path sanitization',
386 silly audit report       severity: 'high',
386 silly audit report       vulnerable_versions: '<3.2.2',
386 silly audit report       cwe: [Array],
386 silly audit report       cvss: [Object]
386 silly audit report     },
386 silly audit report     {
386 silly audit report       id: 1095117,
386 silly audit report       url: 'https://github.com/advisories/GHSA-5955-9wpr-37jh',
386 silly audit report       title: 'Arbitrary File Creation/Overwrite on Windows via insufficient relative path sanitization',
386 silly audit report       severity: 'high',
386 silly audit report       vulnerable_versions: '<4.4.18',
386 silly audit report       cwe: [Array],
386 silly audit report       cvss: [Object]
386 silly audit report     },
386 silly audit report     {
386 silly audit report       id: 1097493,
386 silly audit report       url: 'https://github.com/advisories/GHSA-f5x3-32g6-xq36',
386 silly audit report       title: 'Denial of service while parsing a tar file due to lack of folders count validation',
386 silly audit report       severity: 'moderate',
386 silly audit report       vulnerable_versions: '<6.2.1',
386 silly audit report       cwe: [Array],
386 silly audit report       cvss: [Object]
386 silly audit report     }
386 silly audit report   ]
386 silly audit report }
387 timing metavuln:packument:tar Completed in 0ms
388 http fetch GET 200 https://registry.npmjs.org/isexe/-/isexe-2.0.0.tgz 152ms (cache miss)
389 timing metavuln:cache:get:security-advisory:tar:Oa066nJpV2ox85F6qnk1N5eWmAmoWAMU7byYhWk4oYfHYrQ8aGHfCKRikfcy0dHDcKWKiPRc7Nz7R9fxKkj0Yw== Completed in 4ms
390 timing metavuln:load:security-advisory:tar:1089685 Completed in 3ms
391 timing metavuln:cache:get:security-advisory:tar:2lGtz15Gs28nRX11iCY/mSa25Ky4CfNVzD5qptDvtqdkLXPb/znmxdJ/4OrOyJZ2qQgFtnfxP9ee2xfimUMfuw== Completed in 6ms
392 timing metavuln:load:security-advisory:tar:1095117 Completed in 1ms
393 timing metavuln:cache:get:security-advisory:tar:xsfciMtNhQn+Vb692L8h5HEYBYUJ5Lhjy3bF//LOsKSn8tp0f1hbuDX26k9UtKJNPZjM5uuq2Cxlz3KwL19oJg== Completed in 9ms
394 timing metavuln:load:security-advisory:tar:1097493 Completed in 1ms
395 http fetch GET 200 https://registry.npmjs.org/process-nextick-args/-/process-nextick-args-2.0.1.tgz 189ms (cache miss)
396 timing reifyNode:node_modules/process-nextick-args Completed in 221ms
397 timing reifyNode:node_modules/mkdirp Completed in 226ms
398 http fetch GET 200 https://registry.npmjs.org/minimatch/-/minimatch-3.1.2.tgz 193ms (cache miss)
399 http fetch GET 200 https://registry.npmjs.org/balanced-match/-/balanced-match-1.0.2.tgz 196ms (cache miss)
400 http fetch GET 200 https://registry.npmjs.org/util-deprecate/-/util-deprecate-1.0.2.tgz 207ms (cache miss)
401 timing reifyNode:node_modules/minimatch Completed in 240ms
402 http fetch GET 200 https://registry.npmjs.org/uid-number/-/uid-number-0.0.6.tgz 195ms (cache miss)
403 timing metavuln:cache:put:security-advisory:tar:2lGtz15Gs28nRX11iCY/mSa25Ky4CfNVzD5qptDvtqdkLXPb/znmxdJ/4OrOyJZ2qQgFtnfxP9ee2xfimUMfuw== Completed in 50ms
404 timing metavuln:calculate:security-advisory:tar:1095117 Completed in 58ms
405 http fetch GET 200 https://registry.npmjs.org/brace-expansion/-/brace-expansion-1.1.11.tgz 199ms (cache miss)
406 timing metavuln:cache:put:security-advisory:tar:Oa066nJpV2ox85F6qnk1N5eWmAmoWAMU7byYhWk4oYfHYrQ8aGHfCKRikfcy0dHDcKWKiPRc7Nz7R9fxKkj0Yw== Completed in 55ms
407 timing metavuln:calculate:security-advisory:tar:1089685 Completed in 62ms
408 warn deprecated uid-number@0.0.6: This package is no longer supported.
409 timing reifyNode:node_modules/uid-number Completed in 246ms
410 http fetch GET 200 https://registry.npmjs.org/ms/-/ms-2.0.0.tgz 202ms (cache miss)
411 timing reifyNode:node_modules/ms Completed in 246ms
412 timing metavuln:cache:put:security-advisory:tar:xsfciMtNhQn+Vb692L8h5HEYBYUJ5Lhjy3bF//LOsKSn8tp0f1hbuDX26k9UtKJNPZjM5uuq2Cxlz3KwL19oJg== Completed in 53ms
413 timing metavuln:calculate:security-advisory:tar:1097493 Completed in 64ms
414 timing metavuln:packument:tar-pack Completed in 0ms
415 timing reifyNode:node_modules/brace-expansion Completed in 248ms
416 timing reifyNode:node_modules/isexe Completed in 249ms
417 timing metavuln:cache:get:security-advisory:tar-pack:3KXljJwoAr/NHejfU6kg41RmjF3Pg6M28t7ViuMjk5SYV3kYL9qyGZ417dIFb1Y8K+hhpo0sBWpskxrKhsZQzQ== Completed in 1ms
418 timing metavuln:load:security-advisory:tar-pack:Oa066nJpV2ox85F6qnk1N5eWmAmoWAMU7byYhWk4oYfHYrQ8aGHfCKRikfcy0dHDcKWKiPRc7Nz7R9fxKkj0Yw== Completed in 3ms
419 http fetch GET 200 https://registry.npmjs.org/concat-map/-/concat-map-0.0.1.tgz 213ms (cache miss)
420 timing reifyNode:node_modules/balanced-match Completed in 257ms
421 timing reifyNode:node_modules/util-deprecate Completed in 259ms
422 http fetch GET 200 https://registry.npmjs.org/builtins/-/builtins-1.0.3.tgz 228ms (cache miss)
423 http fetch GET 200 https://registry.npmjs.org/once/-/once-1.4.0.tgz 218ms (cache miss)
424 timing reifyNode:node_modules/once Completed in 276ms
425 http fetch GET 200 https://registry.npmjs.org/string_decoder/-/string_decoder-0.10.31.tgz 230ms (cache miss)
426 timing reifyNode:node_modules/concat-map Completed in 284ms
427 http fetch GET 200 https://registry.npmjs.org/has-flag/-/has-flag-4.0.0.tgz 239ms (cache miss)
428 timing reifyNode:node_modules/string_decoder Completed in 292ms
429 timing reifyNode:node_modules/has-flag Completed in 294ms
430 timing reifyNode:node_modules/builtins Completed in 296ms
431 http fetch GET 200 https://registry.npmjs.org/isarray/-/isarray-0.0.1.tgz 244ms (cache miss)
432 timing metavuln:cache:put:security-advisory:tar-pack:3KXljJwoAr/NHejfU6kg41RmjF3Pg6M28t7ViuMjk5SYV3kYL9qyGZ417dIFb1Y8K+hhpo0sBWpskxrKhsZQzQ== Completed in 45ms
433 timing metavuln:calculate:security-advisory:tar-pack:Oa066nJpV2ox85F6qnk1N5eWmAmoWAMU7byYhWk4oYfHYrQ8aGHfCKRikfcy0dHDcKWKiPRc7Nz7R9fxKkj0Yw== Completed in 49ms
434 timing metavuln:packument:create-react-app Completed in 0ms
435 timing metavuln:cache:get:security-advisory:create-react-app:BAP5sjD/UipbJVBCija12WlnlurqvRCOfkHPDCK3St763W6JIxpLfRD1F9PMmW4GEaZmK6BFkh/Pye257xPpCw== Completed in 2ms
436 timing metavuln:load:security-advisory:create-react-app:3KXljJwoAr/NHejfU6kg41RmjF3Pg6M28t7ViuMjk5SYV3kYL9qyGZ417dIFb1Y8K+hhpo0sBWpskxrKhsZQzQ== Completed in 5ms
437 timing reifyNode:node_modules/isarray Completed in 308ms
438 http fetch GET 200 https://registry.npmjs.org/core-util-is/-/core-util-is-1.0.3.tgz 262ms (cache miss)
439 timing reifyNode:node_modules/core-util-is Completed in 316ms
440 http fetch GET 200 https://registry.npmjs.org/rimraf/-/rimraf-2.7.1.tgz 270ms (cache miss)
441 warn deprecated rimraf@2.7.1: Rimraf versions prior to v4 are no longer supported
442 timing reifyNode:node_modules/rimraf Completed in 322ms
443 http fetch GET 200 https://registry.npmjs.org/through2/-/through2-0.6.5.tgz 269ms (cache miss)
444 http fetch GET 200 https://registry.npmjs.org/kleur/-/kleur-3.0.3.tgz 271ms (cache miss)
445 http fetch GET 200 https://registry.npmjs.org/universalify/-/universalify-2.0.1.tgz 271ms (cache miss)
446 http fetch GET 200 https://registry.npmjs.org/fstream-ignore/-/fstream-ignore-1.0.5.tgz 278ms (cache miss)
447 warn deprecated fstream-ignore@1.0.5: This package is no longer supported.
448 timing reifyNode:node_modules/fstream-ignore Completed in 326ms
449 timing reifyNode:node_modules/through2 Completed in 326ms
450 timing reifyNode:node_modules/kleur Completed in 326ms
451 http fetch GET 200 https://registry.npmjs.org/buffer-from/-/buffer-from-0.1.2.tgz 272ms (cache miss)
452 timing reifyNode:node_modules/buffer-from Completed in 327ms
453 timing reifyNode:node_modules/universalify Completed in 327ms
454 timing metavuln:cache:put:security-advisory:create-react-app:BAP5sjD/UipbJVBCija12WlnlurqvRCOfkHPDCK3St763W6JIxpLfRD1F9PMmW4GEaZmK6BFkh/Pye257xPpCw== Completed in 37ms
455 timing metavuln:calculate:security-advisory:create-react-app:3KXljJwoAr/NHejfU6kg41RmjF3Pg6M28t7ViuMjk5SYV3kYL9qyGZ417dIFb1Y8K+hhpo0sBWpskxrKhsZQzQ== Completed in 44ms
456 timing auditReport:init Completed in 166ms
457 timing reify:audit Completed in 353ms
458 http fetch GET 200 https://registry.npmjs.org/graceful-fs/-/graceful-fs-4.2.11.tgz 293ms (cache miss)
459 http fetch GET 200 https://registry.npmjs.org/color-name/-/color-name-1.1.4.tgz 350ms (cache miss)
460 timing reifyNode:node_modules/color-name Completed in 408ms
461 timing reifyNode:node_modules/graceful-fs Completed in 415ms
462 http fetch GET 200 https://registry.npmjs.org/color-convert/-/color-convert-2.0.1.tgz 362ms (cache miss)
463 http fetch GET 200 https://registry.npmjs.org/shebang-command/-/shebang-command-2.0.0.tgz 364ms (cache miss)
464 timing reifyNode:node_modules/shebang-command Completed in 421ms
465 http fetch GET 200 https://registry.npmjs.org/duplexer2/-/duplexer2-0.0.2.tgz 383ms (cache miss)
466 http fetch GET 200 https://registry.npmjs.org/validate-npm-package-name/-/validate-npm-package-name-3.0.0.tgz 380ms (cache miss)
467 http fetch GET 200 https://registry.npmjs.org/supports-color/-/supports-color-7.2.0.tgz 381ms (cache miss)
468 http fetch GET 200 https://registry.npmjs.org/ansi-styles/-/ansi-styles-4.3.0.tgz 383ms (cache miss)
469 http fetch GET 200 https://registry.npmjs.org/sisteransi/-/sisteransi-1.0.5.tgz 390ms (cache miss)
470 http fetch GET 200 https://registry.npmjs.org/tar-pack/-/tar-pack-3.4.1.tgz 387ms (cache miss)
471 timing reifyNode:node_modules/ansi-styles Completed in 448ms
472 timing reifyNode:node_modules/supports-color Completed in 450ms
473 http fetch GET 200 https://registry.npmjs.org/path-key/-/path-key-3.1.1.tgz 395ms (cache miss)
474 http fetch GET 200 https://registry.npmjs.org/jsonfile/-/jsonfile-6.1.0.tgz 398ms (cache miss)
475 timing reifyNode:node_modules/path-key Completed in 454ms
476 http fetch GET 200 https://registry.npmjs.org/debug/-/debug-2.6.9.tgz 407ms (cache miss)
477 timing reifyNode:node_modules/sisteransi Completed in 455ms
478 timing reifyNode:node_modules/color-convert Completed in 455ms
479 timing reifyNode:node_modules/jsonfile Completed in 462ms
480 timing reifyNode:node_modules/debug Completed in 464ms
481 http fetch GET 200 https://registry.npmjs.org/tmp/-/tmp-0.2.3.tgz 404ms (cache miss)
482 timing reifyNode:node_modules/tmp Completed in 471ms
483 http fetch GET 200 https://registry.npmjs.org/chalk/-/chalk-4.1.2.tgz 406ms (cache miss)
484 timing reifyNode:node_modules/duplexer2 Completed in 479ms
485 http fetch GET 200 https://registry.npmjs.org/create-react-app/-/create-react-app-5.0.1.tgz 411ms (cache miss)
486 http fetch GET 200 https://registry.npmjs.org/isarray/-/isarray-1.0.0.tgz 419ms (cache miss)
487 timing reifyNode:node_modules/create-react-app Completed in 488ms
488 timing reifyNode:node_modules/validate-npm-package-name Completed in 489ms
489 http fetch GET 200 https://registry.npmjs.org/string_decoder/-/string_decoder-1.1.1.tgz 421ms (cache miss)
490 http fetch GET 200 https://registry.npmjs.org/envinfo/-/envinfo-7.13.0.tgz 430ms (cache miss)
491 timing reifyNode:node_modules/tar-pack/node_modules/string_decoder Completed in 493ms
492 timing reifyNode:node_modules/chalk Completed in 497ms
493 http fetch GET 200 https://registry.npmjs.org/readable-stream/-/readable-stream-1.1.14.tgz 445ms (cache miss)
494 timing reifyNode:node_modules/envinfo Completed in 498ms
495 timing reifyNode:node_modules/readable-stream Completed in 501ms
496 timing reifyNode:node_modules/tar-pack/node_modules/isarray Completed in 504ms
497 http fetch GET 200 https://registry.npmjs.org/fstream/-/fstream-1.0.12.tgz 458ms (cache miss)
498 timing reifyNode:node_modules/tar-pack Completed in 511ms
499 warn deprecated fstream@1.0.12: This package is no longer supported.
500 timing reifyNode:node_modules/fstream Completed in 514ms
501 http fetch GET 200 https://registry.npmjs.org/inherits/-/inherits-2.0.4.tgz 467ms (cache miss)
502 http fetch GET 200 https://registry.npmjs.org/minimist/-/minimist-1.2.8.tgz 479ms (cache miss)
503 timing reifyNode:node_modules/inherits Completed in 522ms
504 http fetch GET 200 https://registry.npmjs.org/cross-spawn/-/cross-spawn-7.0.3.tgz 460ms (cache miss)
505 timing reifyNode:node_modules/minimist Completed in 524ms
506 timing reifyNode:node_modules/cross-spawn Completed in 525ms
507 http fetch GET 200 https://registry.npmjs.org/shebang-regex/-/shebang-regex-3.0.0.tgz 479ms (cache miss)
508 timing reifyNode:node_modules/shebang-regex Completed in 529ms
509 http fetch GET 200 https://registry.npmjs.org/hyperquest/-/hyperquest-2.1.3.tgz 469ms (cache miss)
510 timing reifyNode:node_modules/hyperquest Completed in 533ms
511 http fetch GET 200 https://registry.npmjs.org/block-stream/-/block-stream-0.0.9.tgz 519ms (cache miss)
512 timing reifyNode:node_modules/block-stream Completed in 558ms
513 http fetch GET 200 https://registry.npmjs.org/readable-stream/-/readable-stream-2.3.8.tgz 489ms (cache miss)
514 timing reifyNode:node_modules/tar-pack/node_modules/readable-stream Completed in 559ms
515 http fetch GET 200 https://registry.npmjs.org/fs-extra/-/fs-extra-10.1.0.tgz 513ms (cache miss)
516 timing reifyNode:node_modules/fs-extra Completed in 575ms
517 http fetch GET 200 https://registry.npmjs.org/semver/-/semver-7.6.2.tgz 540ms (cache miss)
518 timing reifyNode:node_modules/semver Completed in 603ms
519 http fetch GET 200 https://registry.npmjs.org/prompts/-/prompts-2.4.2.tgz 572ms (cache miss)
520 timing reifyNode:node_modules/prompts Completed in 632ms
521 http fetch GET 200 https://registry.npmjs.org/readable-stream/-/readable-stream-1.0.34.tgz 575ms (cache miss)
522 timing reifyNode:node_modules/through2/node_modules/readable-stream Completed in 644ms
523 http fetch GET 200 https://registry.npmjs.org/tar/-/tar-2.2.2.tgz 619ms (cache miss)
524 warn deprecated tar@2.2.2: This version of tar is no longer supported, and will not receive security updates. Please upgrade asap.
525 timing reifyNode:node_modules/tar Completed in 667ms
526 http fetch GET 200 https://registry.npmjs.org/safe-buffer/-/safe-buffer-5.1.2.tgz 812ms (cache miss)
527 timing reifyNode:node_modules/safe-buffer Completed in 846ms
528 http fetch GET 200 https://registry.npmjs.org/which/-/which-2.0.2.tgz 940ms (cache miss)
529 timing reifyNode:node_modules/which Completed in 996ms
530 http fetch GET 200 https://registry.npmjs.org/commander/-/commander-4.1.1.tgz 1534ms (cache miss)
531 timing reifyNode:node_modules/commander Completed in 1602ms
532 timing reify:unpack Completed in 1604ms
533 timing reify:unretire Completed in 0ms
534 timing build:queue Completed in 2ms
535 timing build:link:node_modules/mkdirp Completed in 7ms
536 timing build:link:node_modules/envinfo Completed in 8ms
537 timing build:link:node_modules/create-react-app Completed in 8ms
538 timing build:link:node_modules/rimraf Completed in 7ms
539 timing build:link:node_modules/semver Completed in 7ms
540 timing build:link:node_modules/which Completed in 8ms
541 timing build:link Completed in 9ms
542 timing build:deps Completed in 11ms
543 timing build Completed in 11ms
544 timing reify:build Completed in 12ms
545 timing reify:trash Completed in 0ms
546 timing reify:save Completed in 21ms
547 timing reify Completed in 6103ms
548 timing command:exec Completed in 164906ms
549 verbose exit 0
550 timing npm Completed in 165211ms
551 info ok
