0 verbose cli C:\Program Files\nodejs\node.exe C:\Program Files\nodejs\node_modules\npm\bin\npm-cli.js
1 info using npm@10.7.0
2 info using node@v20.15.1
3 silly config:load:file:C:\Program Files\nodejs\node_modules\npm\npmrc
4 silly config:load:file:C:\Users\김헌규\Desktop\리액트 공부\react-\react-route-upgrade\backend\.npmrc
5 silly config:load:file:C:\Users\김헌규\.npmrc
6 silly config:load:file:C:\Users\김헌규\AppData\Roaming\npm\etc\npmrc
7 verbose title npm install express
8 verbose argv "install" "express"
9 verbose logfile logs-max:10 dir:C:\Users\김헌규\Desktop\리액트 공부\react-\react-route-upgrade\backend\Users김헌규AppDataRoamingnpm-cache\_logs\2024-07-18T13_16_05_599Z-
10 verbose logfile C:\Users\김헌규\Desktop\리액트 공부\react-\react-route-upgrade\backend\Users김헌규AppDataRoamingnpm-cache\_logs\2024-07-18T13_16_05_599Z-debug-0.log
11 silly logfile done cleaning log files
12 silly idealTree buildDeps
13 silly fetch manifest express@^4.18.1
14 http fetch GET 200 https://registry.npmjs.org/express 329ms (cache revalidated)
15 silly placeDep ROOT express@4.19.2 REPLACE for: backend-api@1.0.0 want: ^4.18.1
16 silly reify moves {}
17 silly audit bulk request {
17 silly audit   accepts: [ '1.3.8' ],
17 silly audit   'array-flatten': [ '1.1.1' ],
17 silly audit   'body-parser': [ '1.20.2' ],
17 silly audit   bytes: [ '3.1.2' ],
17 silly audit   'call-bind': [ '1.0.7' ],
17 silly audit   'content-disposition': [ '0.5.4' ],
17 silly audit   'content-type': [ '1.0.5' ],
17 silly audit   cookie: [ '0.6.0' ],
17 silly audit   'cookie-signature': [ '1.0.6' ],
17 silly audit   debug: [ '2.6.9' ],
17 silly audit   'define-data-property': [ '1.1.4' ],
17 silly audit   depd: [ '2.0.0' ],
17 silly audit   destroy: [ '1.2.0' ],
17 silly audit   'ee-first': [ '1.1.1' ],
17 silly audit   encodeurl: [ '1.0.2' ],
17 silly audit   'es-define-property': [ '1.0.0' ],
17 silly audit   'es-errors': [ '1.3.0' ],
17 silly audit   'escape-html': [ '1.0.3' ],
17 silly audit   etag: [ '1.8.1' ],
17 silly audit   finalhandler: [ '1.2.0' ],
17 silly audit   forwarded: [ '0.2.0' ],
17 silly audit   fresh: [ '0.5.2' ],
17 silly audit   'function-bind': [ '1.1.2' ],
17 silly audit   'get-intrinsic': [ '1.2.4' ],
17 silly audit   gopd: [ '1.0.1' ],
17 silly audit   'has-property-descriptors': [ '1.0.2' ],
17 silly audit   'has-proto': [ '1.0.3' ],
17 silly audit   'has-symbols': [ '1.0.3' ],
17 silly audit   hasown: [ '2.0.2' ],
17 silly audit   'http-errors': [ '2.0.0' ],
17 silly audit   'iconv-lite': [ '0.4.24' ],
17 silly audit   inherits: [ '2.0.4' ],
17 silly audit   'ipaddr.js': [ '1.9.1' ],
17 silly audit   'media-typer': [ '0.3.0' ],
17 silly audit   'merge-descriptors': [ '1.0.1' ],
17 silly audit   methods: [ '1.1.2' ],
17 silly audit   mime: [ '1.6.0' ],
17 silly audit   'mime-db': [ '1.52.0' ],
17 silly audit   'mime-types': [ '2.1.35' ],
17 silly audit   ms: [ '2.0.0', '2.1.3' ],
17 silly audit   negotiator: [ '0.6.3' ],
17 silly audit   'object-inspect': [ '1.13.2' ],
17 silly audit   'on-finished': [ '2.4.1' ],
17 silly audit   parseurl: [ '1.3.3' ],
17 silly audit   'path-to-regexp': [ '0.1.7' ],
17 silly audit   'proxy-addr': [ '2.0.7' ],
17 silly audit   qs: [ '6.11.0' ],
17 silly audit   'range-parser': [ '1.2.1' ],
17 silly audit   'raw-body': [ '2.5.2' ],
17 silly audit   'safe-buffer': [ '5.2.1' ],
17 silly audit   'safer-buffer': [ '2.1.2' ],
17 silly audit   send: [ '0.18.0' ],
17 silly audit   'serve-static': [ '1.15.0' ],
17 silly audit   'set-function-length': [ '1.2.2' ],
17 silly audit   setprototypeof: [ '1.2.0' ],
17 silly audit   'side-channel': [ '1.0.6' ],
17 silly audit   statuses: [ '2.0.1' ],
17 silly audit   toidentifier: [ '1.0.1' ],
17 silly audit   'type-is': [ '1.6.18' ],
17 silly audit   unpipe: [ '1.0.0' ],
17 silly audit   'utils-merge': [ '1.0.1' ],
17 silly audit   uuid: [ '9.0.1' ],
17 silly audit   vary: [ '1.1.2' ],
17 silly audit   express: [ '4.19.2' ]
17 silly audit }
18 http fetch POST 200 https://registry.npmjs.org/-/npm/v1/security/advisories/bulk 209ms
19 silly audit report {}
20 verbose exit 0
21 info ok
